Generated at 2016-08-04 04:35:18 +0000
Mixlib::ShellOut::ShellCommandFailed: service[td-agent] (td-agent2::default line 19) had an error: Mixlib::ShellOut::ShellCommandFailed: Expected process to exit with [0], but received '1'
---- Begin output of /sbin/service td-agent start ----
STDOUT: Starting td-agent: [FAILED]td-agent[FAILED]
STDERR: /opt/td-agent/embedded/lib/ruby/gems/2.1.0/gems/fluentd-0.12.26/lib/fluent/supervisor.rb:474:in `read': Permission denied @ rb_sysopen - /etc/td-agent/td-agent.conf (Errno::EACCES)
	from /opt/td-agent/embedded/lib/ruby/gems/2.1.0/gems/fluentd-0.12.26/lib/fluent/supervisor.rb:474:in `read_config'
	from /opt/td-agent/embedded/lib/ruby/gems/2.1.0/gems/fluentd-0.12.26/lib/fluent/supervisor.rb:144:in `start'
	from /opt/td-agent/embedded/lib/ruby/gems/2.1.0/gems/fluentd-0.12.26/lib/fluent/command/fluentd.rb:173:in `<top (required)>'
	from /opt/td-agent/embedded/lib/ruby/site_ruby/2.1.0/rubygems/core_ext/kernel_require.rb:54:in `require'
	from /opt/td-agent/embedded/lib/ruby/site_ruby/2.1.0/rubygems/core_ext/kernel_require.rb:54:in `require'
	from /opt/td-agent/embedded/lib/ruby/gems/2.1.0/gems/fluentd-0.12.26/bin/fluentd:5:in `<top (required)>'
	from /opt/td-agent/embedded/bin/fluentd:23:in `load'
	from /opt/td-agent/embedded/bin/fluentd:23:in `<top (required)>'
	from /usr/sbin/td-agent:7:in `load'
	from /usr/sbin/td-agent:7:in `<main>'
---- End output of /sbin/service td-agent start ----
Ran /sbin/service td-agent start returned 1
/opt/chef/embedded/lib/ruby/gems/2.1.0/gems/mixlib-shellout-2.2.6/lib/mixlib/shellout.rb:289:in `invalid!'
/opt/chef/embedded/lib/ruby/gems/2.1.0/gems/mixlib-shellout-2.2.6/lib/mixlib/shellout.rb:276:in `error!'
/opt/chef/embedded/lib/ruby/gems/2.1.0/gems/chef-12.12.15/lib/chef/mixin/shell_out.rb:55:in `shell_out_with_systems_locale!'
/opt/chef/embedded/lib/ruby/gems/2.1.0/gems/chef-12.12.15/lib/chef/provider/service/init.rb:60:in `start_service'
/opt/chef/embedded/lib/ruby/gems/2.1.0/gems/chef-12.12.15/lib/chef/provider/service.rb:142:in `block in action_start'
/opt/chef/embedded/lib/ruby/gems/2.1.0/gems/chef-12.12.15/lib/chef/mixin/why_run.rb:52:in `add_action'
/opt/chef/embedded/lib/ruby/gems/2.1.0/gems/chef-12.12.15/lib/chef/provider.rb:176:in `converge_by'
/opt/chef/embedded/lib/ruby/gems/2.1.0/gems/chef-12.12.15/lib/chef/provider/service.rb:141:in `action_start'
/opt/chef/embedded/lib/ruby/gems/2.1.0/gems/chef-12.12.15/lib/chef/provider.rb:145:in `run_action'
/opt/chef/embedded/lib/ruby/gems/2.1.0/gems/chef-12.12.15/lib/chef/resource.rb:591:in `run_action'
/opt/chef/embedded/lib/ruby/gems/2.1.0/gems/chef-12.12.15/lib/chef/runner.rb:69:in `run_action'
/opt/chef/embedded/lib/ruby/gems/2.1.0/gems/chef-12.12.15/lib/chef/runner.rb:97:in `block (2 levels) in converge'
/opt/chef/embedded/lib/ruby/gems/2.1.0/gems/chef-12.12.15/lib/chef/runner.rb:97:in `each'
/opt/chef/embedded/lib/ruby/gems/2.1.0/gems/chef-12.12.15/lib/chef/runner.rb:97:in `block in converge'
/opt/chef/embedded/lib/ruby/gems/2.1.0/gems/chef-12.12.15/lib/chef/resource_collection/resource_list.rb:94:in `block in execute_each_resource'
/opt/chef/embedded/lib/ruby/gems/2.1.0/gems/chef-12.12.15/lib/chef/resource_collection/stepable_iterator.rb:116:in `call'
/opt/chef/embedded/lib/ruby/gems/2.1.0/gems/chef-12.12.15/lib/chef/resource_collection/stepable_iterator.rb:116:in `call_iterator_block'
/opt/chef/embedded/lib/ruby/gems/2.1.0/gems/chef-12.12.15/lib/chef/resource_collection/stepable_iterator.rb:85:in `step'
/opt/chef/embedded/lib/ruby/gems/2.1.0/gems/chef-12.12.15/lib/chef/resource_collection/stepable_iterator.rb:104:in `iterate'
/opt/chef/embedded/lib/ruby/gems/2.1.0/gems/chef-12.12.15/lib/chef/resource_collection/stepable_iterator.rb:55:in `each_with_index'
/opt/chef/embedded/lib/ruby/gems/2.1.0/gems/chef-12.12.15/lib/chef/resource_collection/resource_list.rb:92:in `execute_each_resource'
/opt/chef/embedded/lib/ruby/gems/2.1.0/gems/chef-12.12.15/lib/chef/runner.rb:96:in `converge'
/opt/chef/embedded/lib/ruby/gems/2.1.0/gems/chef-12.12.15/lib/chef/client.rb:669:in `block in converge'
/opt/chef/embedded/lib/ruby/gems/2.1.0/gems/chef-12.12.15/lib/chef/client.rb:664:in `catch'
/opt/chef/embedded/lib/ruby/gems/2.1.0/gems/chef-12.12.15/lib/chef/client.rb:664:in `converge'
/opt/chef/embedded/lib/ruby/gems/2.1.0/gems/chef-12.12.15/lib/chef/client.rb:703:in `converge_and_save'
/opt/chef/embedded/lib/ruby/gems/2.1.0/gems/chef-12.12.15/lib/chef/client.rb:283:in `run'
/opt/chef/embedded/lib/ruby/gems/2.1.0/gems/chef-12.12.15/lib/chef/application.rb:286:in `block in fork_chef_client'
/opt/chef/embedded/lib/ruby/gems/2.1.0/gems/chef-12.12.15/lib/chef/application.rb:274:in `fork'
/opt/chef/embedded/lib/ruby/gems/2.1.0/gems/chef-12.12.15/lib/chef/application.rb:274:in `fork_chef_client'
/opt/chef/embedded/lib/ruby/gems/2.1.0/gems/chef-12.12.15/lib/chef/application.rb:239:in `block in run_chef_client'
/opt/chef/embedded/lib/ruby/gems/2.1.0/gems/chef-12.12.15/lib/chef/local_mode.rb:44:in `with_server_connectivity'
/opt/chef/embedded/lib/ruby/gems/2.1.0/gems/chef-12.12.15/lib/chef/application.rb:227:in `run_chef_client'
/opt/chef/embedded/lib/ruby/gems/2.1.0/gems/chef-12.12.15/lib/chef/application/client.rb:456:in `sleep_then_run_chef_client'
/opt/chef/embedded/lib/ruby/gems/2.1.0/gems/chef-12.12.15/lib/chef/application/client.rb:443:in `block in interval_run_chef_client'
/opt/chef/embedded/lib/ruby/gems/2.1.0/gems/chef-12.12.15/lib/chef/application/client.rb:442:in `loop'
/opt/chef/embedded/lib/ruby/gems/2.1.0/gems/chef-12.12.15/lib/chef/application/client.rb:442:in `interval_run_chef_client'
/opt/chef/embedded/lib/ruby/gems/2.1.0/gems/chef-12.12.15/lib/chef/application/client.rb:426:in `run_application'
/opt/chef/embedded/lib/ruby/gems/2.1.0/gems/chef-12.12.15/lib/chef/application.rb:59:in `run'
/opt/chef/embedded/lib/ruby/gems/2.1.0/gems/chef-12.12.15/lib/chef/application/solo.rb:217:in `run'
/opt/chef/embedded/lib/ruby/gems/2.1.0/gems/chef-12.12.15/bin/chef-solo:25:in `<top (required)>'
/usr/bin/chef-solo:52:in `load'
/usr/bin/chef-solo:52:in `<main>'